[0m19:55:21.446772 [debug] [MainThread]: Sending event: {'category': 'dbt', 'action': 'invocation', 'label': 'start', 'context': [<snowplow_tracker.self_describing_json.SelfDescribingJson object at 0x122a0be10>, <snowplow_tracker.self_describing_json.SelfDescribingJson object at 0x1070857d0>, <snowplow_tracker.self_describing_json.SelfDescribingJson object at 0x122a2f2d0>]}


============================== 19:55:21.452977 | 9f771497-7a38-4a9f-b60b-88dab3fbe111 ==============================
[0m19:55:21.452977 [info ] [MainThread]: Running with dbt=1.11.8
[0m19:55:21.453388 [debug] [MainThread]: running dbt with arguments {'introspect': 'True', 'no_print': 'None', 'quiet': 'False', 'fail_fast': 'False', 'profiles_dir': '/Users/mac/.dbt', 'printer_width': '80', 'version_check': 'True', 'empty': 'None', 'write_json': 'True', 'cache_selected_only': 'False', 'warn_error_options': 'WarnErrorOptionsV2(error=[], warn=[], silence=[])', 'target_path': 'None', 'invocation_command': 'dbt init maketou_dbt', 'indirect_selection': 'eager', 'send_anonymous_usage_stats': 'True', 'warn_error': 'None', 'log_path': 'logs', 'log_cache_events': 'False', 'static_parser': 'True', 'partial_parse': 'True', 'use_experimental_parser': 'False', 'log_format': 'default', 'use_colors': 'True', 'debug': 'False'}
[0m19:55:21.462856 [debug] [MainThread]: Starter project path: /Users/mac/maketou/.venv/lib/python3.11/site-packages/dbt/include/starter_project
[0m19:55:21.467426 [info ] [MainThread]: 
Your new dbt project "maketou_dbt" was created!

For more information on how to configure the profiles.yml file,
please consult the dbt documentation here:

  https://docs.getdbt.com/docs/configure-your-profile

One more thing:

Need help? Don't hesitate to reach out to us via GitHub issues or on Slack:

  https://community.getdbt.com/

Happy modeling!

[0m19:55:21.467710 [info ] [MainThread]: Setting up your profile.
[0m19:57:12.532050 [info ] [MainThread]: Profile maketou_dbt written to /Users/mac/.dbt/profiles.yml using target's profile_template.yml and your supplied values. Run 'dbt debug' to validate the connection.
[0m19:57:12.719903 [debug] [MainThread]: Resource report: {"command_name": "init", "command_success": true, "command_wall_clock_time": 111.322815, "process_in_blocks": "0", "process_kernel_time": 0.203071, "process_mem_max_rss": "112623616", "process_out_blocks": "0", "process_user_time": 0.896998}
[0m19:57:12.721418 [debug] [MainThread]: Command `dbt init` succeeded at 19:57:12.721142 after 111.32 seconds
[0m19:57:12.722615 [debug] [MainThread]: Sending event: {'category': 'dbt', 'action': 'invocation', 'label': 'end', 'context': [<snowplow_tracker.self_describing_json.SelfDescribingJson object at 0x1229b4f10>, <snowplow_tracker.self_describing_json.SelfDescribingJson object at 0x102eb6950>, <snowplow_tracker.self_describing_json.SelfDescribingJson object at 0x122747650>]}
[0m19:57:12.723634 [debug] [MainThread]: Flushing usage events
[0m19:57:13.353747 [debug] [MainThread]: An error was encountered while trying to flush usage events
[0m19:57:18.265191 [debug] [MainThread]: Sending event: {'category': 'dbt', 'action': 'invocation', 'label': 'start', 'context': [<snowplow_tracker.self_describing_json.SelfDescribingJson object at 0x11840be10>, <snowplow_tracker.self_describing_json.SelfDescribingJson object at 0x118418490>, <snowplow_tracker.self_describing_json.SelfDescribingJson object at 0x1183daf10>]}


============================== 19:57:18.269117 | 5b87fbd6-51fa-4f47-b9e2-af3c9c5dc5bd ==============================
[0m19:57:18.269117 [info ] [MainThread]: Running with dbt=1.11.8
[0m19:57:18.269646 [debug] [MainThread]: running dbt with arguments {'invocation_command': 'dbt debug', 'static_parser': 'True', 'quiet': 'False', 'target_path': 'None', 'no_print': 'None', 'introspect': 'True', 'cache_selected_only': 'False', 'log_format': 'default', 'log_cache_events': 'False', 'debug': 'False', 'use_experimental_parser': 'False', 'partial_parse': 'True', 'empty': 'None', 'indirect_selection': 'eager', 'profiles_dir': '/Users/mac/.dbt', 'send_anonymous_usage_stats': 'True', 'write_json': 'True', 'log_path': 'logs', 'warn_error_options': 'WarnErrorOptionsV2(error=[], warn=[], silence=[])', 'use_colors': 'True', 'fail_fast': 'False', 'warn_error': 'None', 'version_check': 'True', 'printer_width': '80'}
[0m19:57:18.278431 [info ] [MainThread]: dbt version: 1.11.8
[0m19:57:18.278710 [info ] [MainThread]: python version: 3.11.15
[0m19:57:18.278974 [info ] [MainThread]: python path: /Users/mac/maketou/.venv/bin/python
[0m19:57:18.279173 [info ] [MainThread]: os info: macOS-14.6.1-arm64-arm-64bit
[0m19:57:18.281637 [info ] [MainThread]: Error importing adapter: No module named 'dbt.adapters.duckdb'
[0m19:57:18.316275 [info ] [MainThread]: Using profiles dir at /Users/mac/.dbt
[0m19:57:18.316572 [info ] [MainThread]: Using profiles.yml file at /Users/mac/.dbt/profiles.yml
[0m19:57:18.316755 [info ] [MainThread]: Using dbt_project.yml file at /Users/mac/maketou/dbt_project.yml
[0m19:57:18.316932 [info ] [MainThread]: Configuration:
[0m19:57:18.317097 [info ] [MainThread]:   profiles.yml file [[31mERROR invalid[0m]
[0m19:57:18.317252 [info ] [MainThread]:   dbt_project.yml file [[31mERROR not found[0m]
[0m19:57:18.317404 [info ] [MainThread]: Required dependencies:
[0m19:57:18.317593 [debug] [MainThread]: Executing "git --help"
[0m19:57:18.334696 [debug] [MainThread]: STDOUT: "b"usage: git [-v | --version] [-h | --help] [-C <path>] [-c <name>=<value>]\n           [--exec-path[=<path>]] [--html-path] [--man-path] [--info-path]\n           [-p | --paginate | -P | --no-pager] [--no-replace-objects] [--bare]\n           [--git-dir=<path>] [--work-tree=<path>] [--namespace=<name>]\n           [--super-prefix=<path>] [--config-env=<name>=<envvar>]\n           <command> [<args>]\n\nThese are common Git commands used in various situations:\n\nstart a working area (see also: git help tutorial)\n   clone     Clone a repository into a new directory\n   init      Create an empty Git repository or reinitialize an existing one\n\nwork on the current change (see also: git help everyday)\n   add       Add file contents to the index\n   mv        Move or rename a file, a directory, or a symlink\n   restore   Restore working tree files\n   rm        Remove files from the working tree and from the index\n\nexamine the history and state (see also: git help revisions)\n   bisect    Use binary search to find the commit that introduced a bug\n   diff      Show changes between commits, commit and working tree, etc\n   grep      Print lines matching a pattern\n   log       Show commit logs\n   show      Show various types of objects\n   status    Show the working tree status\n\ngrow, mark and tweak your common history\n   branch    List, create, or delete branches\n   commit    Record changes to the repository\n   merge     Join two or more development histories together\n   rebase    Reapply commits on top of another base tip\n   reset     Reset current HEAD to the specified state\n   switch    Switch branches\n   tag       Create, list, delete or verify a tag object signed with GPG\n\ncollaborate (see also: git help workflows)\n   fetch     Download objects and refs from another repository\n   pull      Fetch from and integrate with another repository or a local branch\n   push      Update remote refs along with associated objects\n\n'git help -a' and 'git help -g' list available subcommands and some\nconcept guides. See 'git help <command>' or 'git help <concept>'\nto read about a specific subcommand or concept.\nSee 'git help git' for an overview of the system.\n""
[0m19:57:18.335330 [debug] [MainThread]: STDERR: "b''"
[0m19:57:18.335580 [info ] [MainThread]:  - git [[32mOK found[0m]

[0m19:57:18.335852 [info ] [MainThread]: Connection test skipped since no profile was found
[0m19:57:18.336144 [info ] [MainThread]: [31m2 checks failed:[0m
[0m19:57:18.336345 [info ] [MainThread]: Could not load dbt_project.yml
Profile loading failed for the following reason:
Runtime Error
  Credentials in profile "ecommerce_project", target "dev" invalid: Runtime Error
    Could not find adapter type duckdb!


[0m19:57:18.336565 [info ] [MainThread]: Project loading failed for the following reason:
 project path </Users/mac/maketou/dbt_project.yml> not found

[0m19:57:18.337931 [debug] [MainThread]: Resource report: {"command_name": "debug", "command_success": false, "command_wall_clock_time": 0.12003158, "process_in_blocks": "0", "process_kernel_time": 0.153065, "process_mem_max_rss": "114868224", "process_out_blocks": "0", "process_user_time": 0.882901}
[0m19:57:18.338306 [debug] [MainThread]: Command `dbt debug` failed at 19:57:18.338237 after 0.12 seconds
[0m19:57:18.338666 [debug] [MainThread]: Sending event: {'category': 'dbt', 'action': 'invocation', 'label': 'end', 'context': [<snowplow_tracker.self_describing_json.SelfDescribingJson object at 0x11839f1d0>, <snowplow_tracker.self_describing_json.SelfDescribingJson object at 0x11839eed0>, <snowplow_tracker.self_describing_json.SelfDescribingJson object at 0x11839ef90>]}
[0m19:57:18.339000 [debug] [MainThread]: Flushing usage events
[0m19:57:18.742120 [debug] [MainThread]: An error was encountered while trying to flush usage events
[0m19:58:31.332524 [debug] [MainThread]: Sending event: {'category': 'dbt', 'action': 'invocation', 'label': 'start', 'context': [<snowplow_tracker.self_describing_json.SelfDescribingJson object at 0x1054844d0>, <snowplow_tracker.self_describing_json.SelfDescribingJson object at 0x105487bd0>, <snowplow_tracker.self_describing_json.SelfDescribingJson object at 0x105513a50>]}


============================== 19:58:31.336099 | d8d21eef-162b-4b0b-b187-19743b63978d ==============================
[0m19:58:31.336099 [info ] [MainThread]: Running with dbt=1.11.8
[0m19:58:31.336529 [debug] [MainThread]: running dbt with arguments {'warn_error_options': 'WarnErrorOptionsV2(error=[], warn=[], silence=[])', 'profiles_dir': '/Users/mac/.dbt', 'send_anonymous_usage_stats': 'True', 'quiet': 'False', 'target_path': 'None', 'version_check': 'True', 'partial_parse': 'True', 'printer_width': '80', 'empty': 'None', 'cache_selected_only': 'False', 'log_path': 'logs', 'use_colors': 'True', 'fail_fast': 'False', 'log_cache_events': 'False', 'no_print': 'None', 'write_json': 'True', 'log_format': 'default', 'static_parser': 'True', 'invocation_command': 'dbt init maketou_dbt', 'introspect': 'True', 'warn_error': 'None', 'indirect_selection': 'eager', 'use_experimental_parser': 'False', 'debug': 'False'}
[0m19:58:31.347619 [info ] [MainThread]: A project called maketou_dbt already exists here.
[0m19:58:31.349371 [debug] [MainThread]: Resource report: {"command_name": "init", "command_success": true, "command_wall_clock_time": 0.06500904, "process_in_blocks": "0", "process_kernel_time": 0.166467, "process_mem_max_rss": "110936064", "process_out_blocks": "0", "process_user_time": 0.864571}
[0m19:58:31.349716 [debug] [MainThread]: Command `dbt init` succeeded at 19:58:31.349649 after 0.07 seconds
[0m19:58:31.349971 [debug] [MainThread]: Sending event: {'category': 'dbt', 'action': 'invocation', 'label': 'end', 'context': [<snowplow_tracker.self_describing_json.SelfDescribingJson object at 0x10547fad0>, <snowplow_tracker.self_describing_json.SelfDescribingJson object at 0x105499090>, <snowplow_tracker.self_describing_json.SelfDescribingJson object at 0x1054bf0d0>]}
[0m19:58:31.350232 [debug] [MainThread]: Flushing usage events
[0m19:58:31.775170 [debug] [MainThread]: An error was encountered while trying to flush usage events
[0m19:58:44.982983 [debug] [MainThread]: Sending event: {'category': 'dbt', 'action': 'invocation', 'label': 'start', 'context': [<snowplow_tracker.self_describing_json.SelfDescribingJson object at 0x1068a3c50>, <snowplow_tracker.self_describing_json.SelfDescribingJson object at 0x1056aad90>, <snowplow_tracker.self_describing_json.SelfDescribingJson object at 0x10692bc50>]}


============================== 19:58:44.986569 | 9df8e5e2-892d-4474-ba8b-eb563b28f909 ==============================
[0m19:58:44.986569 [info ] [MainThread]: Running with dbt=1.11.8
[0m19:58:44.986978 [debug] [MainThread]: running dbt with arguments {'version_check': 'True', 'empty': 'None', 'cache_selected_only': 'False', 'fail_fast': 'False', 'static_parser': 'True', 'printer_width': '80', 'invocation_command': 'dbt debug', 'introspect': 'True', 'warn_error': 'None', 'profiles_dir': '/Users/mac/.dbt', 'use_experimental_parser': 'False', 'log_path': 'logs', 'log_format': 'default', 'debug': 'False', 'log_cache_events': 'False', 'write_json': 'True', 'target_path': 'None', 'partial_parse': 'True', 'send_anonymous_usage_stats': 'True', 'indirect_selection': 'eager', 'quiet': 'False', 'use_colors': 'True', 'warn_error_options': 'WarnErrorOptionsV2(error=[], warn=[], silence=[])', 'no_print': 'None'}
[0m19:58:44.997603 [info ] [MainThread]: dbt version: 1.11.8
[0m19:58:44.998058 [info ] [MainThread]: python version: 3.11.15
[0m19:58:44.998343 [info ] [MainThread]: python path: /Users/mac/maketou/.venv/bin/python
[0m19:58:44.998532 [info ] [MainThread]: os info: macOS-14.6.1-arm64-arm-64bit
[0m19:58:45.001005 [info ] [MainThread]: Error importing adapter: No module named 'dbt.adapters.duckdb'
[0m19:58:45.055212 [info ] [MainThread]: Using profiles dir at /Users/mac/.dbt
[0m19:58:45.055584 [info ] [MainThread]: Using profiles.yml file at /Users/mac/.dbt/profiles.yml
[0m19:58:45.055891 [info ] [MainThread]: Using dbt_project.yml file at /Users/mac/maketou/dbt_project.yml
[0m19:58:45.056091 [info ] [MainThread]: Configuration:
[0m19:58:45.056269 [info ] [MainThread]:   profiles.yml file [[31mERROR invalid[0m]
[0m19:58:45.056432 [info ] [MainThread]:   dbt_project.yml file [[31mERROR not found[0m]
[0m19:58:45.056592 [info ] [MainThread]: Required dependencies:
[0m19:58:45.056793 [debug] [MainThread]: Executing "git --help"
[0m19:58:45.077548 [debug] [MainThread]: STDOUT: "b"usage: git [-v | --version] [-h | --help] [-C <path>] [-c <name>=<value>]\n           [--exec-path[=<path>]] [--html-path] [--man-path] [--info-path]\n           [-p | --paginate | -P | --no-pager] [--no-replace-objects] [--bare]\n           [--git-dir=<path>] [--work-tree=<path>] [--namespace=<name>]\n           [--super-prefix=<path>] [--config-env=<name>=<envvar>]\n           <command> [<args>]\n\nThese are common Git commands used in various situations:\n\nstart a working area (see also: git help tutorial)\n   clone     Clone a repository into a new directory\n   init      Create an empty Git repository or reinitialize an existing one\n\nwork on the current change (see also: git help everyday)\n   add       Add file contents to the index\n   mv        Move or rename a file, a directory, or a symlink\n   restore   Restore working tree files\n   rm        Remove files from the working tree and from the index\n\nexamine the history and state (see also: git help revisions)\n   bisect    Use binary search to find the commit that introduced a bug\n   diff      Show changes between commits, commit and working tree, etc\n   grep      Print lines matching a pattern\n   log       Show commit logs\n   show      Show various types of objects\n   status    Show the working tree status\n\ngrow, mark and tweak your common history\n   branch    List, create, or delete branches\n   commit    Record changes to the repository\n   merge     Join two or more development histories together\n   rebase    Reapply commits on top of another base tip\n   reset     Reset current HEAD to the specified state\n   switch    Switch branches\n   tag       Create, list, delete or verify a tag object signed with GPG\n\ncollaborate (see also: git help workflows)\n   fetch     Download objects and refs from another repository\n   pull      Fetch from and integrate with another repository or a local branch\n   push      Update remote refs along with associated objects\n\n'git help -a' and 'git help -g' list available subcommands and some\nconcept guides. See 'git help <command>' or 'git help <concept>'\nto read about a specific subcommand or concept.\nSee 'git help git' for an overview of the system.\n""
[0m19:58:45.078332 [debug] [MainThread]: STDERR: "b''"
[0m19:58:45.078604 [info ] [MainThread]:  - git [[32mOK found[0m]

[0m19:58:45.078841 [info ] [MainThread]: Connection test skipped since no profile was found
[0m19:58:45.079101 [info ] [MainThread]: [31m2 checks failed:[0m
[0m19:58:45.079270 [info ] [MainThread]: Could not load dbt_project.yml
Profile loading failed for the following reason:
Runtime Error
  Credentials in profile "ecommerce_project", target "dev" invalid: Runtime Error
    Could not find adapter type duckdb!


[0m19:58:45.079439 [info ] [MainThread]: Project loading failed for the following reason:
 project path </Users/mac/maketou/dbt_project.yml> not found

[0m19:58:45.081268 [debug] [MainThread]: Resource report: {"command_name": "debug", "command_success": false, "command_wall_clock_time": 0.1489882, "process_in_blocks": "0", "process_kernel_time": 0.184538, "process_mem_max_rss": "114425856", "process_out_blocks": "0", "process_user_time": 0.903724}
[0m19:58:45.081747 [debug] [MainThread]: Command `dbt debug` failed at 19:58:45.081662 after 0.15 seconds
[0m19:58:45.082116 [debug] [MainThread]: Sending event: {'category': 'dbt', 'action': 'invocation', 'label': 'end', 'context': [<snowplow_tracker.self_describing_json.SelfDescribingJson object at 0x1007c36d0>, <snowplow_tracker.self_describing_json.SelfDescribingJson object at 0x10689b2d0>, <snowplow_tracker.self_describing_json.SelfDescribingJson object at 0x10689b150>]}
[0m19:58:45.082429 [debug] [MainThread]: Flushing usage events
[0m19:58:45.478892 [debug] [MainThread]: An error was encountered while trying to flush usage events
[0m20:05:18.451853 [debug] [MainThread]: Sending event: {'category': 'dbt', 'action': 'invocation', 'label': 'start', 'context': [<snowplow_tracker.self_describing_json.SelfDescribingJson object at 0x122111650>, <snowplow_tracker.self_describing_json.SelfDescribingJson object at 0x120deba50>, <snowplow_tracker.self_describing_json.SelfDescribingJson object at 0x12212fe50>]}


============================== 20:05:18.455231 | e8087151-c563-40fb-bc5e-3f9564980fdf ==============================
[0m20:05:18.455231 [info ] [MainThread]: Running with dbt=1.11.8
[0m20:05:18.455659 [debug] [MainThread]: running dbt with arguments {'log_path': 'logs', 'invocation_command': 'dbt init maketou_dbt', 'use_colors': 'True', 'target_path': 'None', 'printer_width': '80', 'cache_selected_only': 'False', 'version_check': 'True', 'partial_parse': 'True', 'no_print': 'None', 'debug': 'False', 'use_experimental_parser': 'False', 'send_anonymous_usage_stats': 'True', 'profiles_dir': '/Users/mac/.dbt', 'warn_error': 'None', 'fail_fast': 'False', 'log_cache_events': 'False', 'empty': 'None', 'warn_error_options': 'WarnErrorOptionsV2(error=[], warn=[], silence=[])', 'write_json': 'True', 'introspect': 'True', 'indirect_selection': 'eager', 'log_format': 'default', 'quiet': 'False', 'static_parser': 'True'}
[0m20:05:18.465546 [info ] [MainThread]: A project called maketou_dbt already exists here.
[0m20:05:18.467248 [debug] [MainThread]: Resource report: {"command_name": "init", "command_success": true, "command_wall_clock_time": 0.061947916, "process_in_blocks": "0", "process_kernel_time": 0.181387, "process_mem_max_rss": "112066560", "process_out_blocks": "0", "process_user_time": 0.873731}
[0m20:05:18.467673 [debug] [MainThread]: Command `dbt init` succeeded at 20:05:18.467595 after 0.06 seconds
[0m20:05:18.467950 [debug] [MainThread]: Sending event: {'category': 'dbt', 'action': 'invocation', 'label': 'end', 'context': [<snowplow_tracker.self_describing_json.SelfDescribingJson object at 0x1220b5090>, <snowplow_tracker.self_describing_json.SelfDescribingJson object at 0x122111290>, <snowplow_tracker.self_describing_json.SelfDescribingJson object at 0x1221130d0>]}
[0m20:05:18.468206 [debug] [MainThread]: Flushing usage events
[0m20:05:18.914352 [debug] [MainThread]: An error was encountered while trying to flush usage events
